<?xml version="1.0" encoding="UTF-8"?>
<testng-results skipped="3" failed="3" total="6" passed="0">
  <reporter-output>
  </reporter-output>
  <suite name="Test Suite ver1" duration-ms="333048" started-at="2021-04-11T17:44:53Z" finished-at="2021-04-11T17:50:26Z">
    <groups>
    </groups>
    <test name="Firefox browser Sanity" duration-ms="95839" started-at="2021-04-11T17:44:53Z" finished-at="2021-04-11T17:46:29Z">
      <class name="com.MyTest.LoginTest">
        <test-method status="FAIL" signature="setup(java.lang.String)[pri:0, instance:com.MyTest.LoginTest@176d53b2]" name="setup" is-config="true" duration-ms="0" started-at="2021-04-11T23:14:53Z" finished-at="2021-04-11T23:14:53Z">
          <params>
            <param index="0">
              <value>
                <![CDATA[Firefox]]>
              </value>
            </param>
          </params>
          <exception class="org.openqa.selenium.TimeoutException">
            <message>
              <![CDATA[No connection could be made because the target machine actively refused it. (os error 10061)
Build info: version: '3.141.59', revision: 'e82be7d358', time: '2018-11-14T08:17:03'
System info: host: 'SUDHANSHU', ip: '192.168.225.242', os.name: 'Windows 10', os.arch: 'amd64', os.version: '10.0', java.version: '1.8.0_201'
Driver info: driver.version: FirefoxDriver
remote stacktrace: ]]>
            </message>
            <full-stacktrace>
              <![CDATA[org.openqa.selenium.TimeoutException: No connection could be made because the target machine actively refused it. (os error 10061)
Build info: version: '3.141.59', revision: 'e82be7d358', time: '2018-11-14T08:17:03'
System info: host: 'SUDHANSHU', ip: '192.168.225.242', os.name: 'Windows 10', os.arch: 'amd64', os.version: '10.0', java.version: '1.8.0_201'
Driver info: driver.version: FirefoxDriver
remote stacktrace: 
	at sun.reflect.NativeConstructorAccessorImpl.newInstance0(Native Method)
	at sun.reflect.NativeConstructorAccessorImpl.newInstance(Unknown Source)
	at sun.reflect.DelegatingConstructorAccessorImpl.newInstance(Unknown Source)
	at java.lang.reflect.Constructor.newInstance(Unknown Source)
	at org.openqa.selenium.remote.W3CHandshakeResponse.lambda$errorHandler$0(W3CHandshakeResponse.java:62)
	at org.openqa.selenium.remote.HandshakeResponse.lambda$getResponseFunction$0(HandshakeResponse.java:30)
	at org.openqa.selenium.remote.ProtocolHandshake.lambda$createSession$0(ProtocolHandshake.java:126)
	at java.util.stream.ReferencePipeline$3$1.accept(Unknown Source)
	at java.util.Spliterators$ArraySpliterator.tryAdvance(Unknown Source)
	at java.util.stream.ReferencePipeline.forEachWithCancel(Unknown Source)
	at java.util.stream.AbstractPipeline.copyIntoWithCancel(Unknown Source)
	at java.util.stream.AbstractPipeline.copyInto(Unknown Source)
	at java.util.stream.AbstractPipeline.wrapAndCopyInto(Unknown Source)
	at java.util.stream.FindOps$FindOp.evaluateSequential(Unknown Source)
	at java.util.stream.AbstractPipeline.evaluate(Unknown Source)
	at java.util.stream.ReferencePipeline.findFirst(Unknown Source)
	at org.openqa.selenium.remote.ProtocolHandshake.createSession(ProtocolHandshake.java:128)
	at org.openqa.selenium.remote.ProtocolHandshake.createSession(ProtocolHandshake.java:74)
	at org.openqa.selenium.remote.HttpCommandExecutor.execute(HttpCommandExecutor.java:136)
	at org.openqa.selenium.remote.service.DriverCommandExecutor.execute(DriverCommandExecutor.java:83)
	at org.openqa.selenium.remote.RemoteWebDriver.execute(RemoteWebDriver.java:552)
	at org.openqa.selenium.remote.RemoteWebDriver.startSession(RemoteWebDriver.java:213)
	at org.openqa.selenium.remote.RemoteWebDriver.<init>(RemoteWebDriver.java:131)
	at org.openqa.selenium.firefox.FirefoxDriver.<init>(FirefoxDriver.java:147)
	at org.openqa.selenium.firefox.FirefoxDriver.<init>(FirefoxDriver.java:125)
	at com.MyTest.BaseTest.setup(BaseTest.java:31)
	at sun.reflect.NativeMethodAccessorImpl.invoke0(Native Method)
	at sun.reflect.NativeMethodAccessorImpl.invoke(Unknown Source)
	at sun.reflect.DelegatingMethodAccessorImpl.invoke(Unknown Source)
	at java.lang.reflect.Method.invoke(Unknown Source)
	at org.testng.internal.MethodInvocationHelper.invokeMethod(MethodInvocationHelper.java:86)
	at org.testng.internal.Invoker.invokeConfigurationMethod(Invoker.java:514)
	at org.testng.internal.Invoker.invokeConfigurations(Invoker.java:215)
	at org.testng.internal.Invoker.invokeMethod(Invoker.java:589)
	at org.testng.internal.Invoker.invokeTestMethod(Invoker.java:822)
	at org.testng.internal.Invoker.invokeTestMethods(Invoker.java:1130)
	at org.testng.internal.TestMethodWorker.invokeTestMethods(TestMethodWorker.java:129)
	at org.testng.internal.TestMethodWorker.run(TestMethodWorker.java:112)
	at java.util.concurrent.ThreadPoolExecutor.runWorker(Unknown Source)
	at java.util.concurrent.ThreadPoolExecutor$Worker.run(Unknown Source)
	at java.lang.Thread.run(Unknown Source)
]]>
            </full-stacktrace>
          </exception> <!-- org.openqa.selenium.TimeoutException -->
          <reporter-output>
          </reporter-output>
        </test-method> <!-- setup -->
        <test-method status="SKIP" signature="verifyloginPageTitleTest()[pri:1, instance:com.MyTest.LoginTest@176d53b2]" name="verifyloginPageTitleTest" duration-ms="41" started-at="2021-04-11T23:16:29Z" finished-at="2021-04-11T23:16:29Z">
          <reporter-output>
          </reporter-output>
        </test-method> <!-- verifyloginPageTitleTest -->
        <test-method status="SKIP" signature="teardown()[pri:0, instance:com.MyTest.LoginTest@176d53b2]" name="teardown" is-config="true" duration-ms="0" started-at="2021-04-11T23:16:29Z" finished-at="2021-04-11T23:16:29Z">
          <reporter-output>
          </reporter-output>
        </test-method> <!-- teardown -->
        <test-method status="SKIP" signature="setup(java.lang.String)[pri:0, instance:com.MyTest.LoginTest@176d53b2]" name="setup" is-config="true" duration-ms="0" started-at="2021-04-11T23:16:29Z" finished-at="2021-04-11T23:16:29Z">
          <reporter-output>
          </reporter-output>
        </test-method> <!-- setup -->
        <test-method status="SKIP" signature="verifyLoginPageHeader()[pri:2, instance:com.MyTest.LoginTest@176d53b2]" name="verifyLoginPageHeader" duration-ms="4" started-at="2021-04-11T23:16:29Z" finished-at="2021-04-11T23:16:29Z">
          <reporter-output>
          </reporter-output>
        </test-method> <!-- verifyLoginPageHeader -->
        <test-method status="SKIP" signature="teardown()[pri:0, instance:com.MyTest.LoginTest@176d53b2]" name="teardown" is-config="true" duration-ms="0" started-at="2021-04-11T23:16:29Z" finished-at="2021-04-11T23:16:29Z">
          <reporter-output>
          </reporter-output>
        </test-method> <!-- teardown -->
        <test-method status="SKIP" signature="setup(java.lang.String)[pri:0, instance:com.MyTest.LoginTest@176d53b2]" name="setup" is-config="true" duration-ms="0" started-at="2021-04-11T23:16:29Z" finished-at="2021-04-11T23:16:29Z">
          <reporter-output>
          </reporter-output>
        </test-method> <!-- setup -->
        <test-method status="SKIP" signature="doLoginTest()[pri:3, instance:com.MyTest.LoginTest@176d53b2]" name="doLoginTest" duration-ms="6" started-at="2021-04-11T23:16:29Z" finished-at="2021-04-11T23:16:29Z">
          <reporter-output>
          </reporter-output>
        </test-method> <!-- doLoginTest -->
        <test-method status="SKIP" signature="teardown()[pri:0, instance:com.MyTest.LoginTest@176d53b2]" name="teardown" is-config="true" duration-ms="0" started-at="2021-04-11T23:16:29Z" finished-at="2021-04-11T23:16:29Z">
          <reporter-output>
          </reporter-output>
        </test-method> <!-- teardown -->
      </class> <!-- com.MyTest.LoginTest -->
    </test> <!-- Firefox browser Sanity -->
    <test name="Chrome browser Sanity" duration-ms="333048" started-at="2021-04-11T17:44:53Z" finished-at="2021-04-11T17:50:26Z">
      <class name="com.MyTest.LoginTest">
        <test-method status="PASS" signature="setup(java.lang.String)[pri:0, instance:com.MyTest.LoginTest@69b794e2]" name="setup" is-config="true" duration-ms="168467" started-at="2021-04-11T23:14:53Z" finished-at="2021-04-11T23:17:42Z">
          <params>
            <param index="0">
              <value>
                <![CDATA[Chrome]]>
              </value>
            </param>
          </params>
          <reporter-output>
          </reporter-output>
        </test-method> <!-- setup -->
        <test-method status="FAIL" signature="verifyloginPageTitleTest()[pri:1, instance:com.MyTest.LoginTest@69b794e2]" name="verifyloginPageTitleTest" duration-ms="254" started-at="2021-04-11T23:17:42Z" finished-at="2021-04-11T23:17:42Z">
          <exception class="java.lang.AssertionError">
            <message>
              <![CDATA[expected [Please identify yourself] but found [actiTIME - Login]]]>
            </message>
            <full-stacktrace>
              <![CDATA[java.lang.AssertionError: expected [Please identify yourself] but found [actiTIME - Login]
	at org.testng.Assert.fail(Assert.java:94)
	at org.testng.Assert.failNotEquals(Assert.java:513)
	at org.testng.Assert.assertEqualsImpl(Assert.java:135)
	at org.testng.Assert.assertEquals(Assert.java:116)
	at org.testng.Assert.assertEquals(Assert.java:190)
	at org.testng.Assert.assertEquals(Assert.java:200)
	at com.MyTest.LoginTest.verifyloginPageTitleTest(LoginTest.java:22)
	at sun.reflect.NativeMethodAccessorImpl.invoke0(Native Method)
	at sun.reflect.NativeMethodAccessorImpl.invoke(Unknown Source)
	at sun.reflect.DelegatingMethodAccessorImpl.invoke(Unknown Source)
	at java.lang.reflect.Method.invoke(Unknown Source)
	at org.testng.internal.MethodInvocationHelper.invokeMethod(MethodInvocationHelper.java:86)
	at org.testng.internal.Invoker.invokeMethod(Invoker.java:645)
	at org.testng.internal.Invoker.invokeTestMethod(Invoker.java:822)
	at org.testng.internal.Invoker.invokeTestMethods(Invoker.java:1130)
	at org.testng.internal.TestMethodWorker.invokeTestMethods(TestMethodWorker.java:129)
	at org.testng.internal.TestMethodWorker.run(TestMethodWorker.java:112)
	at java.util.concurrent.ThreadPoolExecutor.runWorker(Unknown Source)
	at java.util.concurrent.ThreadPoolExecutor$Worker.run(Unknown Source)
	at java.lang.Thread.run(Unknown Source)
]]>
            </full-stacktrace>
          </exception> <!-- java.lang.AssertionError -->
          <reporter-output>
          </reporter-output>
        </test-method> <!-- verifyloginPageTitleTest -->
        <test-method status="PASS" signature="teardown()[pri:0, instance:com.MyTest.LoginTest@69b794e2]" name="teardown" is-config="true" duration-ms="25404" started-at="2021-04-11T23:17:42Z" finished-at="2021-04-11T23:18:07Z">
          <reporter-output>
          </reporter-output>
        </test-method> <!-- teardown -->
        <test-method status="PASS" signature="setup(java.lang.String)[pri:0, instance:com.MyTest.LoginTest@69b794e2]" name="setup" is-config="true" duration-ms="50890" started-at="2021-04-11T23:18:07Z" finished-at="2021-04-11T23:18:58Z">
          <params>
            <param index="0">
              <value>
                <![CDATA[Chrome]]>
              </value>
            </param>
          </params>
          <reporter-output>
          </reporter-output>
        </test-method> <!-- setup -->
        <test-method status="FAIL" signature="verifyLoginPageHeader()[pri:2, instance:com.MyTest.LoginTest@69b794e2]" name="verifyLoginPageHeader" duration-ms="5758" started-at="2021-04-11T23:18:58Z" finished-at="2021-04-11T23:19:04Z">
          <exception class="java.lang.AssertionError">
            <message>
              <![CDATA[expected [DDDDD] but found [Please identify yourself]]]>
            </message>
            <full-stacktrace>
              <![CDATA[java.lang.AssertionError: expected [DDDDD] but found [Please identify yourself]
	at org.testng.Assert.fail(Assert.java:94)
	at org.testng.Assert.failNotEquals(Assert.java:513)
	at org.testng.Assert.assertEqualsImpl(Assert.java:135)
	at org.testng.Assert.assertEquals(Assert.java:116)
	at org.testng.Assert.assertEquals(Assert.java:190)
	at org.testng.Assert.assertEquals(Assert.java:200)
	at com.MyTest.LoginTest.verifyLoginPageHeader(LoginTest.java:29)
	at sun.reflect.NativeMethodAccessorImpl.invoke0(Native Method)
	at sun.reflect.NativeMethodAccessorImpl.invoke(Unknown Source)
	at sun.reflect.DelegatingMethodAccessorImpl.invoke(Unknown Source)
	at java.lang.reflect.Method.invoke(Unknown Source)
	at org.testng.internal.MethodInvocationHelper.invokeMethod(MethodInvocationHelper.java:86)
	at org.testng.internal.Invoker.invokeMethod(Invoker.java:645)
	at org.testng.internal.Invoker.invokeTestMethod(Invoker.java:822)
	at org.testng.internal.Invoker.invokeTestMethods(Invoker.java:1130)
	at org.testng.internal.TestMethodWorker.invokeTestMethods(TestMethodWorker.java:129)
	at org.testng.internal.TestMethodWorker.run(TestMethodWorker.java:112)
	at java.util.concurrent.ThreadPoolExecutor.runWorker(Unknown Source)
	at java.util.concurrent.ThreadPoolExecutor$Worker.run(Unknown Source)
	at java.lang.Thread.run(Unknown Source)
]]>
            </full-stacktrace>
          </exception> <!-- java.lang.AssertionError -->
          <reporter-output>
          </reporter-output>
        </test-method> <!-- verifyLoginPageHeader -->
        <test-method status="PASS" signature="teardown()[pri:0, instance:com.MyTest.LoginTest@69b794e2]" name="teardown" is-config="true" duration-ms="10395" started-at="2021-04-11T23:19:04Z" finished-at="2021-04-11T23:19:15Z">
          <reporter-output>
          </reporter-output>
        </test-method> <!-- teardown -->
        <test-method status="PASS" signature="setup(java.lang.String)[pri:0, instance:com.MyTest.LoginTest@69b794e2]" name="setup" is-config="true" duration-ms="57833" started-at="2021-04-11T23:19:15Z" finished-at="2021-04-11T23:20:13Z">
          <params>
            <param index="0">
              <value>
                <![CDATA[Chrome]]>
              </value>
            </param>
          </params>
          <reporter-output>
          </reporter-output>
        </test-method> <!-- setup -->
        <test-method status="FAIL" signature="doLoginTest()[pri:3, instance:com.MyTest.LoginTest@69b794e2]" name="doLoginTest" duration-ms="5493" started-at="2021-04-11T23:20:13Z" finished-at="2021-04-11T23:20:18Z">
          <exception class="java.lang.AssertionError">
            <message>
              <![CDATA[expected [dawda] but found [Please identify yourself]]]>
            </message>
            <full-stacktrace>
              <![CDATA[java.lang.AssertionError: expected [dawda] but found [Please identify yourself]
	at org.testng.Assert.fail(Assert.java:94)
	at org.testng.Assert.failNotEquals(Assert.java:513)
	at org.testng.Assert.assertEqualsImpl(Assert.java:135)
	at org.testng.Assert.assertEquals(Assert.java:116)
	at org.testng.Assert.assertEquals(Assert.java:190)
	at org.testng.Assert.assertEquals(Assert.java:200)
	at com.MyTest.LoginTest.doLoginTest(LoginTest.java:37)
	at sun.reflect.NativeMethodAccessorImpl.invoke0(Native Method)
	at sun.reflect.NativeMethodAccessorImpl.invoke(Unknown Source)
	at sun.reflect.DelegatingMethodAccessorImpl.invoke(Unknown Source)
	at java.lang.reflect.Method.invoke(Unknown Source)
	at org.testng.internal.MethodInvocationHelper.invokeMethod(MethodInvocationHelper.java:86)
	at org.testng.internal.Invoker.invokeMethod(Invoker.java:645)
	at org.testng.internal.Invoker.invokeTestMethod(Invoker.java:822)
	at org.testng.internal.Invoker.invokeTestMethods(Invoker.java:1130)
	at org.testng.internal.TestMethodWorker.invokeTestMethods(TestMethodWorker.java:129)
	at org.testng.internal.TestMethodWorker.run(TestMethodWorker.java:112)
	at java.util.concurrent.ThreadPoolExecutor.runWorker(Unknown Source)
	at java.util.concurrent.ThreadPoolExecutor$Worker.run(Unknown Source)
	at java.lang.Thread.run(Unknown Source)
]]>
            </full-stacktrace>
          </exception> <!-- java.lang.AssertionError -->
          <reporter-output>
          </reporter-output>
        </test-method> <!-- doLoginTest -->
        <test-method status="PASS" signature="teardown()[pri:0, instance:com.MyTest.LoginTest@69b794e2]" name="teardown" is-config="true" duration-ms="7897" started-at="2021-04-11T23:20:18Z" finished-at="2021-04-11T23:20:26Z">
          <reporter-output>
          </reporter-output>
        </test-method> <!-- teardown -->
      </class> <!-- com.MyTest.LoginTest -->
    </test> <!-- Chrome browser Sanity -->
  </suite> <!-- Test Suite ver1 -->
</testng-results>
